<?xml version="1.0" encoding="UTF-8"?>
<!-- Generated by org.testng.reporters.JUnitReportReporter -->
<testsuite hostname="NIS-PK785s-MacBook-Pro.local" failures="0" tests="1" name="runners.TestRunner" time="23.365" errors="0" timestamp="2025-09-18T13:07:48 PKT" skipped="0">
  <testcase classname="runners.TestRunner" name="runScenario" time="23.365"/>
</testsuite> <!-- runners.TestRunner -->
